<?xml version="1.0" encoding="UTF-8"?>
<!-- Generated by org.testng.reporters.JUnitXMLReporter -->
<testsuite ignored="0" hostname="LAPTOP-B8TJUCIE" failures="0" tests="20" name="Default test" time="131.732" errors="0" timestamp="2023-04-14T16:14:36 IST">
  <testcase classname="AutoamtionTesting.OtsPortalWindowHandles" name="ots" time="8.202"/>
  <testcase classname="AutoamtionTesting.OtsPortalWindowHandles" name="ots" time="4.114"/>
  <testcase classname="AutoamtionTesting.OtsPortalWindowHandles" name="ots" time="4.358"/>
  <testcase classname="AutoamtionTesting.OtsPortalWindowHandles" name="ots" time="4.329"/>
  <testcase classname="AutoamtionTesting.OtsPortalWindowHandles" name="ots" time="4.214"/>
  <testcase classname="AutoamtionTesting.OtsPortalWindowHandles" name="ots" time="5.269"/>
  <testcase classname="AutoamtionTesting.OtsPortalWindowHandles" name="ots" time="5.901"/>
  <testcase classname="AutoamtionTesting.OtsPortalWindowHandles" name="ots" time="6.259"/>
  <testcase classname="AutoamtionTesting.OtsPortalWindowHandles" name="ots" time="6.312"/>
  <testcase classname="AutoamtionTesting.OtsPortalWindowHandles" name="ots" time="5.73"/>
  <testcase classname="AutoamtionTesting.OtsPortalWindowHandles" name="ots" time="6.33"/>
  <testcase classname="AutoamtionTesting.OtsPortalWindowHandles" name="ots" time="7.129"/>
  <testcase classname="AutoamtionTesting.OtsPortalWindowHandles" name="ots" time="8.432"/>
  <testcase classname="AutoamtionTesting.OtsPortalWindowHandles" name="ots" time="8.569"/>
  <testcase classname="AutoamtionTesting.OtsPortalWindowHandles" name="ots" time="8.312"/>
  <testcase classname="AutoamtionTesting.OtsPortalWindowHandles" name="ots" time="7.534"/>
  <testcase classname="AutoamtionTesting.OtsPortalWindowHandles" name="ots" time="5.757"/>
  <testcase classname="AutoamtionTesting.OtsPortalWindowHandles" name="ots" time="7.181"/>
  <testcase classname="AutoamtionTesting.OtsPortalWindowHandles" name="ots" time="8.166"/>
  <testcase classname="AutoamtionTesting.OtsPortalWindowHandles" name="ots" time="9.491"/>
</testsuite> <!-- Default test -->
