<?xml version="1.0" encoding="UTF-8"?>
<testng-results ignored="0" total="20" passed="20" failed="0" skipped="0">
  <reporter-output>
  </reporter-output>
  <suite started-at="2023-04-14T16:12:25 IST" name="Default suite" finished-at="2023-04-14T16:14:36 IST" duration-ms="131732">
    <groups>
    </groups>
    <test started-at="2023-04-14T16:12:25 IST" name="Default test" finished-at="2023-04-14T16:14:36 IST" duration-ms="131732">
      <class name="AutoamtionTesting.OtsPortalWindowHandles">
        <test-method signature="ots()[pri:0, instance:AutoamtionTesting.OtsPortalWindowHandles@6340e5f0]" started-at="2023-04-14T16:12:25 IST" name="ots" finished-at="2023-04-14T16:12:33 IST" duration-ms="8202" status="PASS">
          <reporter-output>
          </reporter-output>
        </test-method> <!-- ots -->
        <test-method signature="ots()[pri:0, instance:AutoamtionTesting.OtsPortalWindowHandles@6340e5f0]" started-at="2023-04-14T16:12:33 IST" name="ots" finished-at="2023-04-14T16:12:37 IST" duration-ms="4114" status="PASS">
          <reporter-output>
          </reporter-output>
        </test-method> <!-- ots -->
        <test-method signature="ots()[pri:0, instance:AutoamtionTesting.OtsPortalWindowHandles@6340e5f0]" started-at="2023-04-14T16:12:37 IST" name="ots" finished-at="2023-04-14T16:12:41 IST" duration-ms="4358" status="PASS">
          <reporter-output>
          </reporter-output>
        </test-method> <!-- ots -->
        <test-method signature="ots()[pri:0, instance:AutoamtionTesting.OtsPortalWindowHandles@6340e5f0]" started-at="2023-04-14T16:12:41 IST" name="ots" finished-at="2023-04-14T16:12:46 IST" duration-ms="4329" status="PASS">
          <reporter-output>
          </reporter-output>
        </test-method> <!-- ots -->
        <test-method signature="ots()[pri:0, instance:AutoamtionTesting.OtsPortalWindowHandles@6340e5f0]" started-at="2023-04-14T16:12:46 IST" name="ots" finished-at="2023-04-14T16:12:50 IST" duration-ms="4214" status="PASS">
          <reporter-output>
          </reporter-output>
        </test-method> <!-- ots -->
        <test-method signature="ots()[pri:0, instance:AutoamtionTesting.OtsPortalWindowHandles@6340e5f0]" started-at="2023-04-14T16:12:50 IST" name="ots" finished-at="2023-04-14T16:12:55 IST" duration-ms="5269" status="PASS">
          <reporter-output>
          </reporter-output>
        </test-method> <!-- ots -->
        <test-method signature="ots()[pri:0, instance:AutoamtionTesting.OtsPortalWindowHandles@6340e5f0]" started-at="2023-04-14T16:12:55 IST" name="ots" finished-at="2023-04-14T16:13:01 IST" duration-ms="5901" status="PASS">
          <reporter-output>
          </reporter-output>
        </test-method> <!-- ots -->
        <test-method signature="ots()[pri:0, instance:AutoamtionTesting.OtsPortalWindowHandles@6340e5f0]" started-at="2023-04-14T16:13:01 IST" name="ots" finished-at="2023-04-14T16:13:07 IST" duration-ms="6259" status="PASS">
          <reporter-output>
          </reporter-output>
        </test-method> <!-- ots -->
        <test-method signature="ots()[pri:0, instance:AutoamtionTesting.OtsPortalWindowHandles@6340e5f0]" started-at="2023-04-14T16:13:07 IST" name="ots" finished-at="2023-04-14T16:13:14 IST" duration-ms="6312" status="PASS">
          <reporter-output>
          </reporter-output>
        </test-method> <!-- ots -->
        <test-method signature="ots()[pri:0, instance:AutoamtionTesting.OtsPortalWindowHandles@6340e5f0]" started-at="2023-04-14T16:13:14 IST" name="ots" finished-at="2023-04-14T16:13:19 IST" duration-ms="5730" status="PASS">
          <reporter-output>
          </reporter-output>
        </test-method> <!-- ots -->
        <test-method signature="ots()[pri:0, instance:AutoamtionTesting.OtsPortalWindowHandles@6340e5f0]" started-at="2023-04-14T16:13:19 IST" name="ots" finished-at="2023-04-14T16:13:26 IST" duration-ms="6330" status="PASS">
          <reporter-output>
          </reporter-output>
        </test-method> <!-- ots -->
        <test-method signature="ots()[pri:0, instance:AutoamtionTesting.OtsPortalWindowHandles@6340e5f0]" started-at="2023-04-14T16:13:26 IST" name="ots" finished-at="2023-04-14T16:13:33 IST" duration-ms="7129" status="PASS">
          <reporter-output>
          </reporter-output>
        </test-method> <!-- ots -->
        <test-method signature="ots()[pri:0, instance:AutoamtionTesting.OtsPortalWindowHandles@6340e5f0]" started-at="2023-04-14T16:13:33 IST" name="ots" finished-at="2023-04-14T16:13:41 IST" duration-ms="8432" status="PASS">
          <reporter-output>
          </reporter-output>
        </test-method> <!-- ots -->
        <test-method signature="ots()[pri:0, instance:AutoamtionTesting.OtsPortalWindowHandles@6340e5f0]" started-at="2023-04-14T16:13:41 IST" name="ots" finished-at="2023-04-14T16:13:50 IST" duration-ms="8569" status="PASS">
          <reporter-output>
          </reporter-output>
        </test-method> <!-- ots -->
        <test-method signature="ots()[pri:0, instance:AutoamtionTesting.OtsPortalWindowHandles@6340e5f0]" started-at="2023-04-14T16:13:50 IST" name="ots" finished-at="2023-04-14T16:13:58 IST" duration-ms="8312" status="PASS">
          <reporter-output>
          </reporter-output>
        </test-method> <!-- ots -->
        <test-method signature="ots()[pri:0, instance:AutoamtionTesting.OtsPortalWindowHandles@6340e5f0]" started-at="2023-04-14T16:13:58 IST" name="ots" finished-at="2023-04-14T16:14:06 IST" duration-ms="7534" status="PASS">
          <reporter-output>
          </reporter-output>
        </test-method> <!-- ots -->
        <test-method signature="ots()[pri:0, instance:AutoamtionTesting.OtsPortalWindowHandles@6340e5f0]" started-at="2023-04-14T16:14:06 IST" name="ots" finished-at="2023-04-14T16:14:11 IST" duration-ms="5757" status="PASS">
          <reporter-output>
          </reporter-output>
        </test-method> <!-- ots -->
        <test-method signature="ots()[pri:0, instance:AutoamtionTesting.OtsPortalWindowHandles@6340e5f0]" started-at="2023-04-14T16:14:11 IST" name="ots" finished-at="2023-04-14T16:14:19 IST" duration-ms="7181" status="PASS">
          <reporter-output>
          </reporter-output>
        </test-method> <!-- ots -->
        <test-method signature="ots()[pri:0, instance:AutoamtionTesting.OtsPortalWindowHandles@6340e5f0]" started-at="2023-04-14T16:14:19 IST" name="ots" finished-at="2023-04-14T16:14:27 IST" duration-ms="8166" status="PASS">
          <reporter-output>
          </reporter-output>
        </test-method> <!-- ots -->
        <test-method signature="ots()[pri:0, instance:AutoamtionTesting.OtsPortalWindowHandles@6340e5f0]" started-at="2023-04-14T16:14:27 IST" name="ots" finished-at="2023-04-14T16:14:36 IST" duration-ms="9491" status="PASS">
          <reporter-output>
          </reporter-output>
        </test-method> <!-- ots -->
      </class> <!-- AutoamtionTesting.OtsPortalWindowHandles -->
    </test> <!-- Default test -->
  </suite> <!-- Default suite -->
</testng-results>
